<?xml version="1.0" encoding="UTF-8"?>
<coverage generated="1650739381838" clover="3.2.0">
  <project timestamp="1650739381838" name="All files">
    <metrics statements="57" coveredstatements="28" conditionals="22" coveredconditionals="4" methods="13" coveredmethods="7" elements="92" coveredelements="39" complexity="0" loc="57" ncloc="57" packages="2" files="2" classes="2"/>
    <package name="core">
      <metrics statements="45" coveredstatements="17" conditionals="20" coveredconditionals="2" methods="5" coveredmethods="1"/>
      <file name="index.ts" path="/Users/younessidbakkasse/Development/school/game-of-life-2/src/core/index.ts">
        <metrics statements="45" coveredstatements="17" conditionals="20" coveredconditionals="2" methods="5" coveredmethods="1"/>
        <line num="15" count="1" type="stmt"/>
        <line num="24" count="1" type="stmt"/>
        <line num="26" count="1" type="stmt"/>
        <line num="28" count="1" type="stmt"/>
        <line num="38" count="2" type="stmt"/>
        <line num="40" count="2" type="stmt"/>
        <line num="43" count="2" type="cond" truecount="0" falsecount="1"/>
        <line num="45" count="2" type="stmt"/>
        <line num="46" count="200" type="stmt"/>
        <line num="47" count="200" type="stmt"/>
        <line num="48" count="200" type="stmt"/>
        <line num="53" count="200" type="cond" truecount="1" falsecount="0"/>
        <line num="54" count="200" type="stmt"/>
        <line num="55" count="200" type="stmt"/>
        <line num="59" count="2" type="stmt"/>
        <line num="62" count="1" type="stmt"/>
        <line num="71" count="0" type="stmt"/>
        <line num="72" count="0" type="stmt"/>
        <line num="74" count="0" type="stmt"/>
        <line num="76" count="0" type="stmt"/>
        <line num="77" count="0" type="stmt"/>
        <line num="78" count="0" type="cond" truecount="0" falsecount="3"/>
        <line num="80" count="0" type="stmt"/>
        <line num="85" count="0" type="stmt"/>
        <line num="90" count="0" type="cond" truecount="0" falsecount="1"/>
        <line num="97" count="0" type="stmt"/>
        <line num="100" count="1" type="stmt"/>
        <line num="107" count="0" type="stmt"/>
        <line num="109" count="0" type="stmt"/>
        <line num="110" count="0" type="stmt"/>
        <line num="111" count="0" type="stmt"/>
        <line num="112" count="0" type="stmt"/>
        <line num="117" count="0" type="stmt"/>
        <line num="120" count="0" type="cond" truecount="0" falsecount="2"/>
        <line num="124" count="0" type="stmt"/>
        <line num="125" count="0" type="cond" truecount="0" falsecount="4"/>
        <line num="127" count="0" type="stmt"/>
        <line num="130" count="0" type="cond" truecount="0" falsecount="1"/>
        <line num="131" count="0" type="stmt"/>
        <line num="143" count="0" type="cond" truecount="0" falsecount="2"/>
        <line num="144" count="0" type="stmt"/>
        <line num="145" count="0" type="stmt"/>
        <line num="146" count="0" type="stmt"/>
        <line num="150" count="0" type="stmt"/>
        <line num="154" count="0" type="stmt"/>
      </file>
    </package>
    <package name="utils">
      <metrics statements="12" coveredstatements="11" conditionals="2" coveredconditionals="2" methods="8" coveredmethods="6"/>
      <file name="index.ts" path="/Users/younessidbakkasse/Development/school/game-of-life-2/src/utils/index.ts">
        <metrics statements="12" coveredstatements="11" conditionals="2" coveredconditionals="2" methods="8" coveredmethods="6"/>
        <line num="1" count="2" type="stmt"/>
        <line num="12" count="9901" type="stmt"/>
        <line num="14" count="9912" type="stmt"/>
        <line num="18" count="2" type="stmt"/>
        <line num="30" count="200" type="stmt"/>
        <line num="33" count="9900" type="stmt"/>
        <line num="37" count="2" type="stmt"/>
        <line num="48" count="0" type="stmt"/>
        <line num="51" count="2" type="stmt"/>
        <line num="58" count="2" type="stmt"/>
        <line num="59" count="200" type="stmt"/>
        <line num="60" count="200" type="stmt"/>
      </file>
    </package>
  </project>
</coverage>
