{"/Users/younessidbakkasse/Development/school/game-of-life-2/src/core/index.ts": {"path":"/Users/younessidbakkasse/Development/school/game-of-life-2/src/core/index.ts","statementMap":{"0":{"start":{"line":15,"column":0},"end":{"line":15,"column":null}},"1":{"start":{"line":24,"column":37},"end":{"line":24,"column":49}},"2":{"start":{"line":26,"column":28},"end":{"line":26,"column":40}},"3":{"start":{"line":38,"column":26},"end":{"line":38,"column":36}},"4":{"start":{"line":40,"column":47},"end":{"line":40,"column":58}},"5":{"start":{"line":43,"column":2},"end":{"line":43,"column":77}},"6":{"start":{"line":43,"column":42},"end":{"line":43,"column":77}},"7":{"start":{"line":45,"column":2},"end":{"line":57,"column":null}},"8":{"start":{"line":46,"column":23},"end":{"line":46,"column":58}},"9":{"start":{"line":47,"column":23},"end":{"line":47,"column":55}},"10":{"start":{"line":48,"column":29},"end":{"line":51,"column":6}},"11":{"start":{"line":53,"column":4},"end":{"line":56,"column":null}},"12":{"start":{"line":54,"column":6},"end":{"line":54,"column":55}},"13":{"start":{"line":55,"column":6},"end":{"line":55,"column":26}},"14":{"start":{"line":59,"column":2},"end":{"line":59,"column":50}},"15":{"start":{"line":28,"column":0},"end":{"line":28,"column":16}},"16":{"start":{"line":71,"column":17},"end":{"line":71,"column":27}},"17":{"start":{"line":72,"column":26},"end":{"line":72,"column":36}},"18":{"start":{"line":74,"column":28},"end":{"line":74,"column":29}},"19":{"start":{"line":76,"column":2},"end":{"line":92,"column":null}},"20":{"start":{"line":76,"column":15},"end":{"line":76,"column":17}},"21":{"start":{"line":77,"column":4},"end":{"line":91,"column":null}},"22":{"start":{"line":77,"column":17},"end":{"line":77,"column":19}},"23":{"start":{"line":78,"column":6},"end":{"line":78,"column":39}},"24":{"start":{"line":78,"column":30},"end":{"line":78,"column":39}},"25":{"start":{"line":80,"column":34},"end":{"line":83,"column":8}},"26":{"start":{"line":85,"column":35},"end":{"line":87,"column":null}},"27":{"start":{"line":90,"column":6},"end":{"line":90,"column":57}},"28":{"start":{"line":90,"column":32},"end":{"line":90,"column":57}},"29":{"start":{"line":97,"column":2},"end":{"line":97,"column":29}},"30":{"start":{"line":62,"column":0},"end":{"line":62,"column":16}},"31":{"start":{"line":107,"column":26},"end":{"line":107,"column":36}},"32":{"start":{"line":109,"column":2},"end":{"line":138,"column":null}},"33":{"start":{"line":109,"column":15},"end":{"line":109,"column":16}},"34":{"start":{"line":110,"column":4},"end":{"line":137,"column":null}},"35":{"start":{"line":110,"column":17},"end":{"line":110,"column":18}},"36":{"start":{"line":111,"column":44},"end":{"line":111,"column":50}},"37":{"start":{"line":112,"column":33},"end":{"line":114,"column":null}},"38":{"start":{"line":117,"column":41},"end":{"line":117,"column":73}},"39":{"start":{"line":120,"column":6},"end":{"line":136,"column":null}},"40":{"start":{"line":124,"column":8},"end":{"line":124,"column":17}},"41":{"start":{"line":125,"column":13},"end":{"line":136,"column":null}},"42":{"start":{"line":127,"column":8},"end":{"line":127,"column":48}},"43":{"start":{"line":130,"column":8},"end":{"line":135,"column":null}},"44":{"start":{"line":131,"column":10},"end":{"line":134,"column":12}},"45":{"start":{"line":100,"column":0},"end":{"line":100,"column":16}},"46":{"start":{"line":143,"column":2},"end":{"line":148,"column":null}},"47":{"start":{"line":144,"column":4},"end":{"line":144,"column":23}},"48":{"start":{"line":145,"column":4},"end":{"line":145,"column":46}},"49":{"start":{"line":146,"column":4},"end":{"line":146,"column":22}},"50":{"start":{"line":150,"column":2},"end":{"line":150,"column":19}},"51":{"start":{"line":154,"column":2},"end":{"line":154,"column":46}}},"fnMap":{"0":{"name":"createLife","decl":{"start":{"line":28,"column":16},"end":{"line":28,"column":26}},"loc":{"start":{"line":29,"column":33},"end":{"line":60,"column":1}}},"1":{"name":"countCellNeighbours","decl":{"start":{"line":62,"column":16},"end":{"line":62,"column":35}},"loc":{"start":{"line":62,"column":64},"end":{"line":98,"column":1}}},"2":{"name":"createGeneration","decl":{"start":{"line":100,"column":16},"end":{"line":100,"column":32}},"loc":{"start":{"line":100,"column":32},"end":{"line":139,"column":1}}},"3":{"name":"runGame","decl":{"start":{"line":142,"column":9},"end":{"line":142,"column":16}},"loc":{"start":{"line":142,"column":46},"end":{"line":151,"column":1}}},"4":{"name":"endGame","decl":{"start":{"line":153,"column":9},"end":{"line":153,"column":16}},"loc":{"start":{"line":153,"column":16},"end":{"line":155,"column":1}}}},"branchMap":{"0":{"loc":{"start":{"line":29,"column":2},"end":{"line":29,"column":33}},"type":"default-arg","locations":[{"start":{"line":29,"column":30},"end":{"line":29,"column":33}}]},"1":{"loc":{"start":{"line":43,"column":2},"end":{"line":43,"column":77}},"type":"if","locations":[{"start":{"line":43,"column":2},"end":{"line":43,"column":77}}]},"2":{"loc":{"start":{"line":53,"column":4},"end":{"line":56,"column":null}},"type":"if","locations":[{"start":{"line":53,"column":4},"end":{"line":56,"column":null}}]},"3":{"loc":{"start":{"line":78,"column":6},"end":{"line":78,"column":39}},"type":"if","locations":[{"start":{"line":78,"column":6},"end":{"line":78,"column":39}}]},"4":{"loc":{"start":{"line":78,"column":10},"end":{"line":78,"column":28}},"type":"binary-expr","locations":[{"start":{"line":78,"column":10},"end":{"line":78,"column":17}},{"start":{"line":78,"column":21},"end":{"line":78,"column":28}}]},"5":{"loc":{"start":{"line":90,"column":6},"end":{"line":90,"column":57}},"type":"if","locations":[{"start":{"line":90,"column":6},"end":{"line":90,"column":57}}]},"6":{"loc":{"start":{"line":120,"column":6},"end":{"line":136,"column":null}},"type":"if","locations":[{"start":{"line":120,"column":6},"end":{"line":136,"column":null}},{"start":{"line":125,"column":13},"end":{"line":136,"column":null}}]},"7":{"loc":{"start":{"line":121,"column":8},"end":{"line":122,"column":39}},"type":"binary-expr","locations":[{"start":{"line":121,"column":9},"end":{"line":121,"column":27}},{"start":{"line":121,"column":31},"end":{"line":121,"column":62}},{"start":{"line":122,"column":8},"end":{"line":122,"column":39}}]},"8":{"loc":{"start":{"line":125,"column":13},"end":{"line":136,"column":null}},"type":"if","locations":[{"start":{"line":125,"column":13},"end":{"line":136,"column":null}},{"start":{"line":128,"column":13},"end":{"line":136,"column":null}}]},"9":{"loc":{"start":{"line":125,"column":17},"end":{"line":125,"column":71}},"type":"binary-expr","locations":[{"start":{"line":125,"column":17},"end":{"line":125,"column":36}},{"start":{"line":125,"column":40},"end":{"line":125,"column":71}}]},"10":{"loc":{"start":{"line":130,"column":8},"end":{"line":135,"column":null}},"type":"if","locations":[{"start":{"line":130,"column":8},"end":{"line":135,"column":null}}]},"11":{"loc":{"start":{"line":142,"column":17},"end":{"line":142,"column":46}},"type":"default-arg","locations":[{"start":{"line":142,"column":43},"end":{"line":142,"column":46}}]},"12":{"loc":{"start":{"line":143,"column":9},"end":{"line":143,"column":64}},"type":"binary-expr","locations":[{"start":{"line":143,"column":9},"end":{"line":143,"column":28}},{"start":{"line":143,"column":32},"end":{"line":143,"column":64}}]}},"s":{"0":1,"1":1,"2":1,"3":2,"4":2,"5":2,"6":0,"7":2,"8":200,"9":200,"10":200,"11":200,"12":200,"13":200,"14":2,"15":1,"16":0,"17":0,"18":0,"19":0,"20":0,"21":0,"22":0,"23":0,"24":0,"25":0,"26":0,"27":0,"28":0,"29":0,"30":1,"31":0,"32":0,"33":0,"34":0,"35":0,"36":0,"37":0,"38":0,"39":0,"40":0,"41":0,"42":0,"43":0,"44":0,"45":1,"46":0,"47":0,"48":0,"49":0,"50":0,"51":0},"f":{"0":2,"1":0,"2":0,"3":0,"4":0},"b":{"0":[1],"1":[0],"2":[200],"3":[0],"4":[0,0],"5":[0],"6":[0,0],"7":[0,0,0],"8":[0,0],"9":[0,0],"10":[0],"11":[0],"12":[0,0]}}
,"/Users/younessidbakkasse/Development/school/game-of-life-2/src/utils/index.ts": {"path":"/Users/younessidbakkasse/Development/school/game-of-life-2/src/utils/index.ts","statementMap":{"0":{"start":{"line":12,"column":2},"end":{"line":15,"column":4}},"1":{"start":{"line":14,"column":39},"end":{"line":14,"column":67}},"2":{"start":{"line":1,"column":0},"end":{"line":1,"column":16}},"3":{"start":{"line":30,"column":2},"end":{"line":34,"column":4}},"4":{"start":{"line":33,"column":31},"end":{"line":33,"column":60}},"5":{"start":{"line":18,"column":0},"end":{"line":18,"column":16}},"6":{"start":{"line":48,"column":2},"end":{"line":48,"column":59}},"7":{"start":{"line":48,"column":32},"end":{"line":48,"column":57}},"8":{"start":{"line":37,"column":0},"end":{"line":37,"column":16}},"9":{"start":{"line":58,"column":2},"end":{"line":61,"column":5}},"10":{"start":{"line":59,"column":30},"end":{"line":59,"column":49}},"11":{"start":{"line":60,"column":4},"end":{"line":60,"column":39}},"12":{"start":{"line":51,"column":0},"end":{"line":51,"column":16}}},"fnMap":{"0":{"name":"equalsArray","decl":{"start":{"line":1,"column":16},"end":{"line":1,"column":27}},"loc":{"start":{"line":3,"column":28},"end":{"line":16,"column":1}}},"1":{"name":"(anonymous_1)","decl":{"start":{"line":14,"column":21},"end":{"line":14,"column":22}},"loc":{"start":{"line":14,"column":39},"end":{"line":14,"column":67}}},"2":{"name":"arrayIncludes","decl":{"start":{"line":18,"column":16},"end":{"line":18,"column":29}},"loc":{"start":{"line":20,"column":27},"end":{"line":35,"column":1}}},"3":{"name":"(anonymous_3)","decl":{"start":{"line":33,"column":21},"end":{"line":33,"column":22}},"loc":{"start":{"line":33,"column":31},"end":{"line":33,"column":60}}},"4":{"name":"removeItemFromArray","decl":{"start":{"line":37,"column":16},"end":{"line":37,"column":35}},"loc":{"start":{"line":39,"column":22},"end":{"line":49,"column":1}}},"5":{"name":"(anonymous_5)","decl":{"start":{"line":48,"column":22},"end":{"line":48,"column":23}},"loc":{"start":{"line":48,"column":32},"end":{"line":48,"column":57}}},"6":{"name":"removeArrayDuplicates","decl":{"start":{"line":51,"column":16},"end":{"line":51,"column":37}},"loc":{"start":{"line":51,"column":55},"end":{"line":62,"column":1}}},"7":{"name":"(anonymous_7)","decl":{"start":{"line":58,"column":22},"end":{"line":58,"column":23}},"loc":{"start":{"line":58,"column":38},"end":{"line":61,"column":3}}}},"branchMap":{"0":{"loc":{"start":{"line":13,"column":4},"end":{"line":14,"column":68}},"type":"binary-expr","locations":[{"start":{"line":13,"column":4},"end":{"line":13,"column":44}},{"start":{"line":14,"column":4},"end":{"line":14,"column":68}}]}},"s":{"0":9901,"1":9912,"2":2,"3":200,"4":9900,"5":2,"6":0,"7":0,"8":2,"9":2,"10":200,"11":200,"12":2},"f":{"0":9901,"1":9912,"2":200,"3":9900,"4":0,"5":0,"6":2,"7":200},"b":{"0":[9901,9901]}}
}
