{"/Users/younessidbakkasse/Development/school/game-of-life/src/utils/index.ts": {"path":"/Users/younessidbakkasse/Development/school/game-of-life/src/utils/index.ts","statementMap":{"0":{"start":{"line":12,"column":2},"end":{"line":15,"column":4}},"1":{"start":{"line":14,"column":39},"end":{"line":14,"column":67}},"2":{"start":{"line":1,"column":0},"end":{"line":1,"column":16}},"3":{"start":{"line":30,"column":2},"end":{"line":34,"column":4}},"4":{"start":{"line":18,"column":0},"end":{"line":18,"column":16}},"5":{"start":{"line":48,"column":2},"end":{"line":48,"column":59}},"6":{"start":{"line":48,"column":32},"end":{"line":48,"column":57}},"7":{"start":{"line":37,"column":0},"end":{"line":37,"column":16}},"8":{"start":{"line":58,"column":2},"end":{"line":61,"column":5}},"9":{"start":{"line":59,"column":30},"end":{"line":59,"column":49}},"10":{"start":{"line":60,"column":4},"end":{"line":60,"column":39}},"11":{"start":{"line":51,"column":0},"end":{"line":51,"column":16}},"12":{"start":{"line":64,"column":29},"end":{"line":74,"column":1}},"13":{"start":{"line":70,"column":2},"end":{"line":73,"column":4}},"14":{"start":{"line":64,"column":13},"end":{"line":64,"column":29}},"15":{"start":{"line":76,"column":28},"end":{"line":84,"column":1}},"16":{"start":{"line":83,"column":2},"end":{"line":83,"column":41}},"17":{"start":{"line":76,"column":13},"end":{"line":76,"column":28}},"18":{"start":{"line":86,"column":30},"end":{"line":101,"column":1}},"19":{"start":{"line":95,"column":17},"end":{"line":95,"column":35}},"20":{"start":{"line":96,"column":2},"end":{"line":98,"column":null}},"21":{"start":{"line":96,"column":15},"end":{"line":96,"column":16}},"22":{"start":{"line":97,"column":4},"end":{"line":97,"column":32}},"23":{"start":{"line":100,"column":2},"end":{"line":100,"column":16}},"24":{"start":{"line":86,"column":13},"end":{"line":86,"column":30}},"25":{"start":{"line":103,"column":36},"end":{"line":132,"column":1}},"26":{"start":{"line":110,"column":34},"end":{"line":112,"column":3}},"27":{"start":{"line":111,"column":4},"end":{"line":111,"column":69}},"28":{"start":{"line":114,"column":2},"end":{"line":114,"column":69}},"29":{"start":{"line":114,"column":53},"end":{"line":114,"column":69}},"30":{"start":{"line":116,"column":19},"end":{"line":116,"column":47}},"31":{"start":{"line":117,"column":19},"end":{"line":117,"column":59}},"32":{"start":{"line":119,"column":2},"end":{"line":126,"column":null}},"33":{"start":{"line":124,"column":4},"end":{"line":124,"column":46}},"34":{"start":{"line":125,"column":4},"end":{"line":125,"column":58}},"35":{"start":{"line":128,"column":2},"end":{"line":131,"column":4}},"36":{"start":{"line":103,"column":13},"end":{"line":103,"column":36}}},"fnMap":{"0":{"name":"equalsArray","decl":{"start":{"line":1,"column":16},"end":{"line":1,"column":27}},"loc":{"start":{"line":3,"column":28},"end":{"line":16,"column":1}}},"1":{"name":"(anonymous_1)","decl":{"start":{"line":14,"column":21},"end":{"line":14,"column":22}},"loc":{"start":{"line":14,"column":39},"end":{"line":14,"column":67}}},"2":{"name":"arrayIncludes","decl":{"start":{"line":18,"column":16},"end":{"line":18,"column":29}},"loc":{"start":{"line":20,"column":27},"end":{"line":35,"column":1}}},"3":{"name":"removeItemFromArray","decl":{"start":{"line":37,"column":16},"end":{"line":37,"column":35}},"loc":{"start":{"line":39,"column":22},"end":{"line":49,"column":1}}},"4":{"name":"(anonymous_4)","decl":{"start":{"line":48,"column":22},"end":{"line":48,"column":23}},"loc":{"start":{"line":48,"column":32},"end":{"line":48,"column":57}}},"5":{"name":"removeArrayDuplicates","decl":{"start":{"line":51,"column":16},"end":{"line":51,"column":37}},"loc":{"start":{"line":51,"column":55},"end":{"line":62,"column":1}}},"6":{"name":"(anonymous_6)","decl":{"start":{"line":58,"column":22},"end":{"line":58,"column":23}},"loc":{"start":{"line":58,"column":38},"end":{"line":61,"column":3}}},"7":{"name":"(anonymous_7)","decl":{"start":{"line":64,"column":29},"end":{"line":64,"column":32}},"loc":{"start":{"line":64,"column":34},"end":{"line":74,"column":1}}},"8":{"name":"(anonymous_8)","decl":{"start":{"line":76,"column":28},"end":{"line":76,"column":29}},"loc":{"start":{"line":76,"column":44},"end":{"line":84,"column":1}}},"9":{"name":"(anonymous_9)","decl":{"start":{"line":86,"column":30},"end":{"line":86,"column":31}},"loc":{"start":{"line":86,"column":64},"end":{"line":101,"column":1}}},"10":{"name":"(anonymous_10)","decl":{"start":{"line":103,"column":36},"end":{"line":103,"column":37}},"loc":{"start":{"line":103,"column":58},"end":{"line":132,"column":1}}},"11":{"name":"(anonymous_11)","decl":{"start":{"line":110,"column":34},"end":{"line":110,"column":35}},"loc":{"start":{"line":110,"column":50},"end":{"line":112,"column":3}}}},"branchMap":{"0":{"loc":{"start":{"line":13,"column":4},"end":{"line":14,"column":68}},"type":"binary-expr","locations":[{"start":{"line":13,"column":4},"end":{"line":13,"column":44}},{"start":{"line":14,"column":4},"end":{"line":14,"column":68}}]},"1":{"loc":{"start":{"line":71,"column":4},"end":{"line":72,"column":33}},"type":"binary-expr","locations":[{"start":{"line":71,"column":4},"end":{"line":71,"column":28}},{"start":{"line":72,"column":4},"end":{"line":72,"column":33}}]},"2":{"loc":{"start":{"line":114,"column":2},"end":{"line":114,"column":69}},"type":"if","locations":[{"start":{"line":114,"column":2},"end":{"line":114,"column":69}}]},"3":{"loc":{"start":{"line":114,"column":6},"end":{"line":114,"column":51}},"type":"binary-expr","locations":[{"start":{"line":114,"column":6},"end":{"line":114,"column":26}},{"start":{"line":114,"column":30},"end":{"line":114,"column":51}}]},"4":{"loc":{"start":{"line":120,"column":4},"end":{"line":122,"column":55}},"type":"binary-expr","locations":[{"start":{"line":120,"column":4},"end":{"line":120,"column":55}},{"start":{"line":121,"column":4},"end":{"line":121,"column":55}},{"start":{"line":122,"column":4},"end":{"line":122,"column":55}}]}},"s":{"0":1,"1":2,"2":1,"3":0,"4":1,"5":0,"6":0,"7":1,"8":0,"9":0,"10":0,"11":1,"12":1,"13":0,"14":1,"15":1,"16":0,"17":1,"18":1,"19":0,"20":0,"21":0,"22":0,"23":0,"24":1,"25":1,"26":0,"27":0,"28":0,"29":0,"30":0,"31":0,"32":0,"33":0,"34":0,"35":0,"36":1},"f":{"0":1,"1":2,"2":0,"3":0,"4":0,"5":0,"6":0,"7":0,"8":0,"9":0,"10":0,"11":0},"b":{"0":[1,1],"1":[0,0],"2":[0],"3":[0,0],"4":[0,0,0]}}
}
