TN:
SF:src/utils/index.ts
FN:1,equalsArray
FN:14,(anonymous_1)
FN:18,arrayIncludes
FN:37,removeItemFromArray
FN:48,(anonymous_4)
FN:51,removeArrayDuplicates
FN:58,(anonymous_6)
FN:64,(anonymous_7)
FN:76,(anonymous_8)
FN:86,(anonymous_9)
FN:103,(anonymous_10)
FN:110,(anonymous_11)
FNF:12
FNH:2
FNDA:1,equalsArray
FNDA:2,(anonymous_1)
FNDA:0,arrayIncludes
FNDA:0,removeItemFromArray
FNDA:0,(anonymous_4)
FNDA:0,removeArrayDuplicates
FNDA:0,(anonymous_6)
FNDA:0,(anonymous_7)
FNDA:0,(anonymous_8)
FNDA:0,(anonymous_9)
FNDA:0,(anonymous_10)
FNDA:0,(anonymous_11)
DA:1,1
DA:12,1
DA:14,2
DA:18,1
DA:30,0
DA:37,1
DA:48,0
DA:51,1
DA:58,0
DA:59,0
DA:60,0
DA:64,1
DA:70,0
DA:76,1
DA:83,0
DA:86,1
DA:95,0
DA:96,0
DA:97,0
DA:100,0
DA:103,1
DA:110,0
DA:111,0
DA:114,0
DA:116,0
DA:117,0
DA:119,0
DA:124,0
DA:125,0
DA:128,0
LF:30
LH:10
BRDA:13,0,0,1
BRDA:13,0,1,1
BRDA:71,1,0,0
BRDA:71,1,1,0
BRDA:114,2,0,0
BRDA:114,3,0,0
BRDA:114,3,1,0
BRDA:120,4,0,0
BRDA:120,4,1,0
BRDA:120,4,2,0
BRF:10
BRH:2
end_of_record
