TN:
SF:src/core/index.ts
FN:28,createLife
FN:62,countCellNeighbours
FN:100,createGeneration
FN:142,runGame
FN:153,endGame
FNF:5
FNH:1
FNDA:2,createLife
FNDA:0,countCellNeighbours
FNDA:0,createGeneration
FNDA:0,runGame
FNDA:0,endGame
DA:15,1
DA:24,1
DA:26,1
DA:28,1
DA:38,2
DA:40,2
DA:43,2
DA:45,2
DA:46,200
DA:47,200
DA:48,200
DA:53,200
DA:54,200
DA:55,200
DA:59,2
DA:62,1
DA:71,0
DA:72,0
DA:74,0
DA:76,0
DA:77,0
DA:78,0
DA:80,0
DA:85,0
DA:90,0
DA:97,0
DA:100,1
DA:107,0
DA:109,0
DA:110,0
DA:111,0
DA:112,0
DA:117,0
DA:120,0
DA:124,0
DA:125,0
DA:127,0
DA:130,0
DA:131,0
DA:143,0
DA:144,0
DA:145,0
DA:146,0
DA:150,0
DA:154,0
LF:45
LH:17
BRDA:29,0,0,1
BRDA:43,1,0,0
BRDA:53,2,0,200
BRDA:78,3,0,0
BRDA:78,4,0,0
BRDA:78,4,1,0
BRDA:90,5,0,0
BRDA:120,6,0,0
BRDA:120,6,1,0
BRDA:121,7,0,0
BRDA:121,7,1,0
BRDA:121,7,2,0
BRDA:125,8,0,0
BRDA:125,8,1,0
BRDA:125,9,0,0
BRDA:125,9,1,0
BRDA:130,10,0,0
BRDA:142,11,0,0
BRDA:143,12,0,0
BRDA:143,12,1,0
BRF:20
BRH:2
end_of_record
TN:
SF:src/utils/index.ts
FN:1,equalsArray
FN:14,(anonymous_1)
FN:18,arrayIncludes
FN:33,(anonymous_3)
FN:37,removeItemFromArray
FN:48,(anonymous_5)
FN:51,removeArrayDuplicates
FN:58,(anonymous_7)
FNF:8
FNH:6
FNDA:9901,equalsArray
FNDA:9912,(anonymous_1)
FNDA:200,arrayIncludes
FNDA:9900,(anonymous_3)
FNDA:0,removeItemFromArray
FNDA:0,(anonymous_5)
FNDA:2,removeArrayDuplicates
FNDA:200,(anonymous_7)
DA:1,2
DA:12,9901
DA:14,9912
DA:18,2
DA:30,200
DA:33,9900
DA:37,2
DA:48,0
DA:51,2
DA:58,2
DA:59,200
DA:60,200
LF:12
LH:11
BRDA:13,0,0,9901
BRDA:13,0,1,9901
BRF:2
BRH:2
end_of_record
